13:36:17:052  INFO 9948 --- [main] com.hmall.trade.TradeServiceApplication  : Starting TradeServiceApplication using Java 17.0.15 on CHINAMI-I6Q082V with PID 9948 (D:\学习\开发\hmall\trade-service\target\classes started by Administrator in D:\学习\开发\hmall)
13:36:17:059 DEBUG 9948 --- [main] com.hmall.trade.TradeServiceApplication  : Running with Spring Boot v2.7.12, Spring v5.3.27
13:36:17:059  INFO 9948 --- [main] com.hmall.trade.TradeServiceApplication  : The following 1 profile is active: "local"
13:36:18:099  INFO 9948 --- [main] .s.d.r.c.RepositoryConfigurationDelegate : Multiple Spring Data modules found, entering strict repository configuration mode
13:36:18:104  INFO 9948 --- [main] .s.d.r.c.RepositoryConfigurationDelegate : Bootstrapping Spring Data Redis repositories in DEFAULT mode.
13:36:18:137  INFO 9948 --- [main] .s.d.r.c.RepositoryConfigurationDelegate : Finished Spring Data repository scanning in 13 ms. Found 0 Redis repository interfaces.
13:36:18:393  INFO 9948 --- [main] o.s.cloud.context.scope.GenericScope     : BeanFactory id=718da0ec-32b9-363f-80cc-8e4c018d17ea
13:36:18:940  INFO 9948 --- [main] o.s.b.w.embedded.tomcat.TomcatWebServer  : Tomcat initialized with port(s): 8085 (http)
13:36:18:956  INFO 9948 --- [main] o.apache.catalina.core.StandardService   : Starting service [Tomcat]
13:36:18:957  INFO 9948 --- [main] org.apache.catalina.core.StandardEngine  : Starting Servlet engine: [Apache Tomcat/9.0.75]
13:36:19:134  INFO 9948 --- [main] o.a.c.c.C.[Tomcat].[localhost].[/]       : Initializing Spring embedded WebApplicationContext
13:36:19:134  INFO 9948 --- [main] w.s.c.ServletWebServerApplicationContext : Root WebApplicationContext: initialization completed in 2029 ms
13:36:19:399  INFO 9948 --- [main] o.s.c.openfeign.FeignClientFactoryBean   : For 'cart-service' URL not provided. Will try picking an instance via load-balancing.
13:36:20:060  INFO 9948 --- [main] o.s.c.openfeign.FeignClientFactoryBean   : For 'item-service' URL not provided. Will try picking an instance via load-balancing.
13:36:21:036  INFO 9948 --- [main] pertySourcedRequestMappingHandlerMapping : Mapped URL path [/v2/api-docs] onto method [springfox.documentation.swagger2.web.Swagger2ControllerWebMvc#getDocumentation(String, HttpServletRequest)]
13:36:21:972  INFO 9948 --- [main] com.alibaba.nacos.common.remote.client   : [RpcClientFactory] create a new rpc client of 9f42df40-fdb5-4e35-971e-9b5489a3ba7c
13:36:22:096  INFO 9948 --- [main] org.reflections.Reflections              : Reflections took 53 ms to scan 1 urls, producing 3 keys and 6 values 
13:36:22:146  INFO 9948 --- [main] org.reflections.Reflections              : Reflections took 20 ms to scan 1 urls, producing 4 keys and 9 values 
13:36:22:165  INFO 9948 --- [main] org.reflections.Reflections              : Reflections took 13 ms to scan 1 urls, producing 3 keys and 10 values 
13:36:22:169  WARN 9948 --- [main] org.reflections.Reflections              : given scan urls are empty. set urls in the configuration
13:36:22:181  INFO 9948 --- [main] org.reflections.Reflections              : Reflections took 9 ms to scan 1 urls, producing 1 keys and 5 values 
13:36:22:195  INFO 9948 --- [main] org.reflections.Reflections              : Reflections took 11 ms to scan 1 urls, producing 1 keys and 7 values 
13:36:22:212  INFO 9948 --- [main] org.reflections.Reflections              : Reflections took 11 ms to scan 1 urls, producing 2 keys and 8 values 
13:36:22:217  WARN 9948 --- [main] org.reflections.Reflections              : given scan urls are empty. set urls in the configuration
13:36:22:218  INFO 9948 --- [main] com.alibaba.nacos.common.remote.client   : [9f42df40-fdb5-4e35-971e-9b5489a3ba7c] RpcClient init label, labels = {module=naming, source=sdk}
13:36:22:222  INFO 9948 --- [main] com.alibaba.nacos.common.remote.client   : [9f42df40-fdb5-4e35-971e-9b5489a3ba7c] RpcClient init, ServerListFactory = com.alibaba.nacos.client.naming.core.ServerListManager
13:36:22:223  INFO 9948 --- [main] com.alibaba.nacos.common.remote.client   : [9f42df40-fdb5-4e35-971e-9b5489a3ba7c] Registry connection listener to current client:com.alibaba.nacos.client.naming.remote.gprc.redo.NamingGrpcRedoService
13:36:22:223  INFO 9948 --- [main] com.alibaba.nacos.common.remote.client   : [9f42df40-fdb5-4e35-971e-9b5489a3ba7c] Register server push request handler:com.alibaba.nacos.client.naming.remote.gprc.NamingPushRequestHandler
13:36:22:226  INFO 9948 --- [main] com.alibaba.nacos.common.remote.client   : [9f42df40-fdb5-4e35-971e-9b5489a3ba7c] Try to connect to server on start up, server: {serverIp = '106.12.165.235', server main port = 8848}
13:36:23:634  INFO 9948 --- [main] com.alibaba.nacos.common.remote.client   : [9f42df40-fdb5-4e35-971e-9b5489a3ba7c] Success to connect to server [106.12.165.235:8848] on start up, connectionId = 1759469782265_183.230.12.230_9425
13:36:23:635  INFO 9948 --- [com.alibaba.nacos.client.remote.worker] com.alibaba.nacos.common.remote.client   : [9f42df40-fdb5-4e35-971e-9b5489a3ba7c] Notify connected event to listeners.
13:36:23:635  INFO 9948 --- [main] com.alibaba.nacos.common.remote.client   : [9f42df40-fdb5-4e35-971e-9b5489a3ba7c] Register server push request handler:com.alibaba.nacos.common.remote.client.RpcClient$ConnectResetRequestHandler
13:36:23:636  INFO 9948 --- [main] com.alibaba.nacos.common.remote.client   : [9f42df40-fdb5-4e35-971e-9b5489a3ba7c] Register server push request handler:com.alibaba.nacos.common.remote.client.RpcClient$$Lambda$1141/0x000001a5448a8a98
13:36:23:754  INFO 9948 --- [main] o.s.b.w.embedded.tomcat.TomcatWebServer  : Tomcat started on port(s): 8085 (http) with context path ''
13:36:23:830  INFO 9948 --- [main] c.a.c.n.registry.NacosServiceRegistry    : nacos registry, DEFAULT_GROUP trade-service 10.17.11.108:8085 register finished
13:36:24:049  INFO 9948 --- [main] d.s.w.p.DocumentationPluginsBootstrapper : Documentation plugins bootstrapped
13:36:24:051  INFO 9948 --- [main] d.s.w.p.DocumentationPluginsBootstrapper : Found 1 custom documentation plugin(s)
13:36:24:070  INFO 9948 --- [main] s.d.s.w.s.ApiListingReferenceScanner     : Scanning for api listing references
13:36:24:153  INFO 9948 --- [main] com.hmall.trade.TradeServiceApplication  : Started TradeServiceApplication in 7.994 seconds (JVM running for 8.652)
13:36:24:263  INFO 9948 --- [nacos-grpc-client-executor-8] com.alibaba.nacos.common.remote.client   : [9f42df40-fdb5-4e35-971e-9b5489a3ba7c] Receive server push request, request = NotifySubscriberRequest, requestId = 122
13:36:24:265  INFO 9948 --- [nacos-grpc-client-executor-8] com.alibaba.nacos.common.remote.client   : [9f42df40-fdb5-4e35-971e-9b5489a3ba7c] Ack server push request, request = NotifySubscriberRequest, requestId = 122
