01:42:23:237  INFO 44884 --- [main] com.hmall.user.UserServiceApplication    : Starting UserServiceApplication using Java 17.0.15 on CHINAMI-I6Q082V with PID 44884 (D:\学习\开发\hmall\user-service\target\classes started by Administrator in D:\学习\开发\hmall)
01:42:23:243 DEBUG 44884 --- [main] com.hmall.user.UserServiceApplication    : Running with Spring Boot v2.7.12, Spring v5.3.27
01:42:23:244  INFO 44884 --- [main] com.hmall.user.UserServiceApplication    : The following 1 profile is active: "local"
01:42:24:028  INFO 44884 --- [main] .s.d.r.c.RepositoryConfigurationDelegate : Multiple Spring Data modules found, entering strict repository configuration mode
01:42:24:031  INFO 44884 --- [main] .s.d.r.c.RepositoryConfigurationDelegate : Bootstrapping Spring Data Redis repositories in DEFAULT mode.
01:42:24:053  INFO 44884 --- [main] .s.d.r.c.RepositoryConfigurationDelegate : Finished Spring Data repository scanning in 10 ms. Found 0 Redis repository interfaces.
01:42:24:299  INFO 44884 --- [main] o.s.cloud.context.scope.GenericScope     : BeanFactory id=41911cbd-7c55-3ae8-87e5-c3b6c8577994
01:42:24:709  INFO 44884 --- [main] o.s.b.w.embedded.tomcat.TomcatWebServer  : Tomcat initialized with port(s): 8084 (http)
01:42:24:722  INFO 44884 --- [main] o.apache.catalina.core.StandardService   : Starting service [Tomcat]
01:42:24:723  INFO 44884 --- [main] org.apache.catalina.core.StandardEngine  : Starting Servlet engine: [Apache Tomcat/9.0.75]
01:42:24:870  INFO 44884 --- [main] o.a.c.c.C.[Tomcat].[localhost].[/]       : Initializing Spring embedded WebApplicationContext
01:42:24:870  INFO 44884 --- [main] w.s.c.ServletWebServerApplicationContext : Root WebApplicationContext: initialization completed in 1576 ms
01:42:26:283  INFO 44884 --- [main] pertySourcedRequestMappingHandlerMapping : Mapped URL path [/v2/api-docs] onto method [springfox.documentation.swagger2.web.Swagger2ControllerWebMvc#getDocumentation(String, HttpServletRequest)]
01:42:27:242  INFO 44884 --- [main] com.alibaba.nacos.common.remote.client   : [RpcClientFactory] create a new rpc client of d714e2d8-7c19-43a6-83ea-06656ac33270
01:42:27:309  INFO 44884 --- [main] org.reflections.Reflections              : Reflections took 33 ms to scan 1 urls, producing 3 keys and 6 values 
01:42:27:335  INFO 44884 --- [main] org.reflections.Reflections              : Reflections took 7 ms to scan 1 urls, producing 4 keys and 9 values 
01:42:27:346  INFO 44884 --- [main] org.reflections.Reflections              : Reflections took 8 ms to scan 1 urls, producing 3 keys and 10 values 
01:42:27:349  WARN 44884 --- [main] org.reflections.Reflections              : given scan urls are empty. set urls in the configuration
01:42:27:355  INFO 44884 --- [main] org.reflections.Reflections              : Reflections took 4 ms to scan 1 urls, producing 1 keys and 5 values 
01:42:27:363  INFO 44884 --- [main] org.reflections.Reflections              : Reflections took 6 ms to scan 1 urls, producing 1 keys and 7 values 
01:42:27:370  INFO 44884 --- [main] org.reflections.Reflections              : Reflections took 4 ms to scan 1 urls, producing 2 keys and 8 values 
01:42:27:373  WARN 44884 --- [main] org.reflections.Reflections              : given scan urls are empty. set urls in the configuration
01:42:27:374  INFO 44884 --- [main] com.alibaba.nacos.common.remote.client   : [d714e2d8-7c19-43a6-83ea-06656ac33270] RpcClient init label, labels = {module=naming, source=sdk}
01:42:27:375  INFO 44884 --- [main] com.alibaba.nacos.common.remote.client   : [d714e2d8-7c19-43a6-83ea-06656ac33270] RpcClient init, ServerListFactory = com.alibaba.nacos.client.naming.core.ServerListManager
01:42:27:376  INFO 44884 --- [main] com.alibaba.nacos.common.remote.client   : [d714e2d8-7c19-43a6-83ea-06656ac33270] Registry connection listener to current client:com.alibaba.nacos.client.naming.remote.gprc.redo.NamingGrpcRedoService
01:42:27:376  INFO 44884 --- [main] com.alibaba.nacos.common.remote.client   : [d714e2d8-7c19-43a6-83ea-06656ac33270] Register server push request handler:com.alibaba.nacos.client.naming.remote.gprc.NamingPushRequestHandler
01:42:27:378  INFO 44884 --- [main] com.alibaba.nacos.common.remote.client   : [d714e2d8-7c19-43a6-83ea-06656ac33270] Try to connect to server on start up, server: {serverIp = '106.12.165.235', server main port = 8848}
01:42:28:834  INFO 44884 --- [main] com.alibaba.nacos.common.remote.client   : [d714e2d8-7c19-43a6-83ea-06656ac33270] Success to connect to server [106.12.165.235:8848] on start up, connectionId = 1759686148531_39.144.219.200_26824
01:42:28:835  INFO 44884 --- [com.alibaba.nacos.client.remote.worker] com.alibaba.nacos.common.remote.client   : [d714e2d8-7c19-43a6-83ea-06656ac33270] Notify connected event to listeners.
01:42:28:835  INFO 44884 --- [main] com.alibaba.nacos.common.remote.client   : [d714e2d8-7c19-43a6-83ea-06656ac33270] Register server push request handler:com.alibaba.nacos.common.remote.client.RpcClient$ConnectResetRequestHandler
01:42:28:836  INFO 44884 --- [main] com.alibaba.nacos.common.remote.client   : [d714e2d8-7c19-43a6-83ea-06656ac33270] Register server push request handler:com.alibaba.nacos.common.remote.client.RpcClient$$Lambda$1110/0x000001af448cd728
01:42:28:983  INFO 44884 --- [main] o.s.b.w.embedded.tomcat.TomcatWebServer  : Tomcat started on port(s): 8084 (http) with context path ''
01:42:29:075  INFO 44884 --- [main] c.a.c.n.registry.NacosServiceRegistry    : nacos registry, DEFAULT_GROUP user-service 192.168.43.210:8084 register finished
01:42:29:347  INFO 44884 --- [main] d.s.w.p.DocumentationPluginsBootstrapper : Documentation plugins bootstrapped
01:42:29:349  INFO 44884 --- [main] d.s.w.p.DocumentationPluginsBootstrapper : Found 1 custom documentation plugin(s)
01:42:29:372  INFO 44884 --- [main] s.d.s.w.s.ApiListingReferenceScanner     : Scanning for api listing references
01:42:29:387  INFO 44884 --- [main] com.hmall.user.UserServiceApplication    : Started UserServiceApplication in 6.92 seconds (JVM running for 7.416)
01:42:29:536  INFO 44884 --- [nacos-grpc-client-executor-8] com.alibaba.nacos.common.remote.client   : [d714e2d8-7c19-43a6-83ea-06656ac33270] Receive server push request, request = NotifySubscriberRequest, requestId = 568
01:42:29:540  INFO 44884 --- [nacos-grpc-client-executor-8] com.alibaba.nacos.common.remote.client   : [d714e2d8-7c19-43a6-83ea-06656ac33270] Ack server push request, request = NotifySubscriberRequest, requestId = 568
01:51:21:680  WARN 44884 --- [Thread-4] c.a.nacos.common.notify.NotifyCenter     : [NotifyCenter] Start destroying Publisher
01:51:21:680  WARN 44884 --- [Thread-7] c.a.n.common.http.HttpClientBeanHolder   : [HttpClientBeanHolder] Start destroying common HttpClient
01:51:21:681  WARN 44884 --- [Thread-4] c.a.nacos.common.notify.NotifyCenter     : [NotifyCenter] Destruction of the end
01:51:21:682  WARN 44884 --- [Thread-7] c.a.n.common.http.HttpClientBeanHolder   : [HttpClientBeanHolder] Destruction of the end
01:51:21:833  INFO 44884 --- [SpringApplicationShutdownHook] c.a.c.n.registry.NacosServiceRegistry    : De-registering from Nacos Server now...
01:51:21:900  INFO 44884 --- [SpringApplicationShutdownHook] c.a.c.n.registry.NacosServiceRegistry    : De-registration finished.
01:51:22:220  INFO 44884 --- [SpringApplicationShutdownHook] com.alibaba.nacos.common.remote.client   : Shutdown rpc client, set status to shutdown
01:51:22:220  INFO 44884 --- [SpringApplicationShutdownHook] com.alibaba.nacos.common.remote.client   : Shutdown client event executor java.util.concurrent.ScheduledThreadPoolExecutor@d763b11[Running, pool size = 2, active threads = 2, queued tasks = 0, completed tasks = 0]
01:51:22:221  INFO 44884 --- [SpringApplicationShutdownHook] com.alibaba.nacos.common.remote.client   : Close current connection 1759686148531_39.144.219.200_26824
01:51:22:225  INFO 44884 --- [SpringApplicationShutdownHook] c.a.n.c.remote.client.grpc.GrpcClient    : Shutdown grpc executor java.util.concurrent.ThreadPoolExecutor@2edef37b[Running, pool size = 3, active threads = 0, queued tasks = 0, completed tasks = 120]
01:51:24:920  INFO 44180 --- [main] com.hmall.user.UserServiceApplication    : Starting UserServiceApplication using Java 17.0.15 on CHINAMI-I6Q082V with PID 44180 (D:\学习\开发\hmall\user-service\target\classes started by Administrator in D:\学习\开发\hmall)
01:51:24:923 DEBUG 44180 --- [main] com.hmall.user.UserServiceApplication    : Running with Spring Boot v2.7.12, Spring v5.3.27
01:51:24:923  INFO 44180 --- [main] com.hmall.user.UserServiceApplication    : The following 1 profile is active: "local"
01:51:25:717  INFO 44180 --- [main] .s.d.r.c.RepositoryConfigurationDelegate : Multiple Spring Data modules found, entering strict repository configuration mode
01:51:25:719  INFO 44180 --- [main] .s.d.r.c.RepositoryConfigurationDelegate : Bootstrapping Spring Data Redis repositories in DEFAULT mode.
01:51:25:739  INFO 44180 --- [main] .s.d.r.c.RepositoryConfigurationDelegate : Finished Spring Data repository scanning in 9 ms. Found 0 Redis repository interfaces.
01:51:26:004  INFO 44180 --- [main] o.s.cloud.context.scope.GenericScope     : BeanFactory id=41911cbd-7c55-3ae8-87e5-c3b6c8577994
01:51:26:427  INFO 44180 --- [main] o.s.b.w.embedded.tomcat.TomcatWebServer  : Tomcat initialized with port(s): 8084 (http)
01:51:26:435  INFO 44180 --- [main] o.apache.catalina.core.StandardService   : Starting service [Tomcat]
01:51:26:435  INFO 44180 --- [main] org.apache.catalina.core.StandardEngine  : Starting Servlet engine: [Apache Tomcat/9.0.75]
01:51:26:550  INFO 44180 --- [main] o.a.c.c.C.[Tomcat].[localhost].[/]       : Initializing Spring embedded WebApplicationContext
01:51:26:553  INFO 44180 --- [main] w.s.c.ServletWebServerApplicationContext : Root WebApplicationContext: initialization completed in 1587 ms
01:51:27:755  INFO 44180 --- [main] pertySourcedRequestMappingHandlerMapping : Mapped URL path [/v2/api-docs] onto method [springfox.documentation.swagger2.web.Swagger2ControllerWebMvc#getDocumentation(String, HttpServletRequest)]
01:51:28:442  INFO 44180 --- [main] com.alibaba.nacos.common.remote.client   : [RpcClientFactory] create a new rpc client of 7374ca8e-b92e-424b-b0d4-87a495a53b4b
01:51:28:488  INFO 44180 --- [main] org.reflections.Reflections              : Reflections took 22 ms to scan 1 urls, producing 3 keys and 6 values 
01:51:28:505  INFO 44180 --- [main] org.reflections.Reflections              : Reflections took 5 ms to scan 1 urls, producing 4 keys and 9 values 
01:51:28:514  INFO 44180 --- [main] org.reflections.Reflections              : Reflections took 6 ms to scan 1 urls, producing 3 keys and 10 values 
01:51:28:516  WARN 44180 --- [main] org.reflections.Reflections              : given scan urls are empty. set urls in the configuration
01:51:28:520  INFO 44180 --- [main] org.reflections.Reflections              : Reflections took 3 ms to scan 1 urls, producing 1 keys and 5 values 
01:51:28:527  INFO 44180 --- [main] org.reflections.Reflections              : Reflections took 4 ms to scan 1 urls, producing 1 keys and 7 values 
01:51:28:534  INFO 44180 --- [main] org.reflections.Reflections              : Reflections took 5 ms to scan 1 urls, producing 2 keys and 8 values 
01:51:28:536  WARN 44180 --- [main] org.reflections.Reflections              : given scan urls are empty. set urls in the configuration
01:51:28:537  INFO 44180 --- [main] com.alibaba.nacos.common.remote.client   : [7374ca8e-b92e-424b-b0d4-87a495a53b4b] RpcClient init label, labels = {module=naming, source=sdk}
01:51:28:538  INFO 44180 --- [main] com.alibaba.nacos.common.remote.client   : [7374ca8e-b92e-424b-b0d4-87a495a53b4b] RpcClient init, ServerListFactory = com.alibaba.nacos.client.naming.core.ServerListManager
01:51:28:538  INFO 44180 --- [main] com.alibaba.nacos.common.remote.client   : [7374ca8e-b92e-424b-b0d4-87a495a53b4b] Registry connection listener to current client:com.alibaba.nacos.client.naming.remote.gprc.redo.NamingGrpcRedoService
01:51:28:539  INFO 44180 --- [main] com.alibaba.nacos.common.remote.client   : [7374ca8e-b92e-424b-b0d4-87a495a53b4b] Register server push request handler:com.alibaba.nacos.client.naming.remote.gprc.NamingPushRequestHandler
01:51:28:540  INFO 44180 --- [main] com.alibaba.nacos.common.remote.client   : [7374ca8e-b92e-424b-b0d4-87a495a53b4b] Try to connect to server on start up, server: {serverIp = '106.12.165.235', server main port = 8848}
01:51:29:574  INFO 44180 --- [main] com.alibaba.nacos.common.remote.client   : [7374ca8e-b92e-424b-b0d4-87a495a53b4b] Success to connect to server [106.12.165.235:8848] on start up, connectionId = 1759686689302_39.144.219.200_23231
01:51:29:575  INFO 44180 --- [com.alibaba.nacos.client.remote.worker] com.alibaba.nacos.common.remote.client   : [7374ca8e-b92e-424b-b0d4-87a495a53b4b] Notify connected event to listeners.
01:51:29:575  INFO 44180 --- [main] com.alibaba.nacos.common.remote.client   : [7374ca8e-b92e-424b-b0d4-87a495a53b4b] Register server push request handler:com.alibaba.nacos.common.remote.client.RpcClient$ConnectResetRequestHandler
01:51:29:575  INFO 44180 --- [main] com.alibaba.nacos.common.remote.client   : [7374ca8e-b92e-424b-b0d4-87a495a53b4b] Register server push request handler:com.alibaba.nacos.common.remote.client.RpcClient$$Lambda$1110/0x000001b5208ef2e8
01:51:29:688  INFO 44180 --- [main] o.s.b.w.embedded.tomcat.TomcatWebServer  : Tomcat started on port(s): 8084 (http) with context path ''
01:51:29:767  INFO 44180 --- [main] c.a.c.n.registry.NacosServiceRegistry    : nacos registry, DEFAULT_GROUP user-service 192.168.43.210:8084 register finished
01:51:29:980  INFO 44180 --- [main] d.s.w.p.DocumentationPluginsBootstrapper : Documentation plugins bootstrapped
01:51:29:982  INFO 44180 --- [main] d.s.w.p.DocumentationPluginsBootstrapper : Found 1 custom documentation plugin(s)
01:51:29:998  INFO 44180 --- [main] s.d.s.w.s.ApiListingReferenceScanner     : Scanning for api listing references
01:51:30:009  INFO 44180 --- [main] com.hmall.user.UserServiceApplication    : Started UserServiceApplication in 5.815 seconds (JVM running for 6.445)
01:51:30:256  INFO 44180 --- [nacos-grpc-client-executor-9] com.alibaba.nacos.common.remote.client   : [7374ca8e-b92e-424b-b0d4-87a495a53b4b] Receive server push request, request = NotifySubscriberRequest, requestId = 591
01:51:30:260  INFO 44180 --- [nacos-grpc-client-executor-9] com.alibaba.nacos.common.remote.client   : [7374ca8e-b92e-424b-b0d4-87a495a53b4b] Ack server push request, request = NotifySubscriberRequest, requestId = 591
